1651598797809	geckodriver	INFO	Listening on 127.0.0.1:52086
1651598800854	mozrunner::runner	INFO	Running command: "C:\\Program Files\\Mozilla Firefox\\firefox.exe" "--marionette" "--remote-debugging-port" "52087" "--remote-allow-hosts" "localhost" "-no-remote" "-profile" "C:\\Users\\Arwin\\AppData\\Local\\Temp\\rust_mozprofileE02kAU"
1651598801199	Marionette	INFO	Marionette enabled
console.warn: SearchSettings: "get: No settings file exists, new profile?" (new NotFoundError("Could not open the file at C:\\Users\\Arwin\\AppData\\Local\\Temp\\rust_mozprofileE02kAU\\search.json.mozlz4", (void 0)))
DevTools listening on ws://localhost:52087/devtools/browser/eb600baf-3df4-402e-b8ec-182f63f4654f
1651598803193	Marionette	INFO	Listening on port 52119
Read port: 52119
1651598803284	RemoteAgent	WARN	TLS certificate errors will be ignored for this session
1651598818368	Marionette	INFO	Stopped listening on port 52119
console.warn: TopSitesFeed: Failed to fetch data from Contile server: NetworkError when attempting to fetch resource.
1651598846674	geckodriver	INFO	Listening on 127.0.0.1:52169
1651598849728	mozrunner::runner	INFO	Running command: "C:\\Program Files\\Mozilla Firefox\\firefox.exe" "--marionette" "--remote-debugging-port" "52170" "--remote-allow-hosts" "localhost" "-no-remote" "-profile" "C:\\Users\\Arwin\\AppData\\Local\\Temp\\rust_mozprofileqMLT3u"
1651598850022	Marionette	INFO	Marionette enabled
console.warn: SearchSettings: "get: No settings file exists, new profile?" (new NotFoundError("Could not open the file at C:\\Users\\Arwin\\AppData\\Local\\Temp\\rust_mozprofileqMLT3u\\search.json.mozlz4", (void 0)))
DevTools listening on ws://localhost:52170/devtools/browser/4ad3fe11-6231-4081-83da-d2200f5bc91b
1651598851748	Marionette	INFO	Listening on port 52192
Read port: 52192
1651598851847	RemoteAgent	WARN	TLS certificate errors will be ignored for this session
JavaScript error: resource://gre/modules/AsyncShutdown.jsm, line 575: NotFoundError: No such JSWindowActor 'DevToolsFrame'
1651598956857	Marionette	INFO	Stopped listening on port 52192
console.warn: TopSitesFeed: Failed to fetch data from Contile server: NetworkError when attempting to fetch resource.

###!!! [Parent][PGPUParent] Error: RunMessage(msgname=PGPU::Msg_ShutdownVR) Channel closing: too late to send/recv, messages will be lost

w profile?" (new NotFoundError("Could not open the file at C:\\Users\\Arwin\\AppData\\Local\\Temp\\rust_mozprofile2mLPwX\\search.json.mozlz4", (void 0)))
DevTools listening on ws://localhost:52240/devtools/browser/d52c9d53-8aff-4191-aa53-95ceff773dab
1651598955885	Marionette	INFO	Listening on port 52262
Read port: 52262
1651598955926	RemoteAgent	WARN	TLS certificate errors will be ignored for this session
1651598966431	Marionette	INFO	Stopped listening on port 52262
console.warn: TopSitesFeed: Failed to fetch data from Contile server: NetworkError when attempting to fetch resource.
1651598981603	geckodriver	INFO	Listening on 127.0.0.1:52304
1651598984657	mozrunner::runner	INFO	Running command: "C:\\Program Files\\Mozilla Firefox\\firefox.exe" "--marionette" "--remote-debugging-port" "52305" "--remote-allow-hosts" "localhost" "-no-remote" "-profile" "C:\\Users\\Arwin\\AppData\\Local\\Temp\\rust_mozprofileQeQbaR"
1651598984929	Marionette	INFO	Marionette enabled
console.warn: SearchSettings: "get: No settings file exists, new profile?" (new NotFoundError("Could not open the file at C:\\Users\\Arwin\\AppData\\Local\\Temp\\rust_mozprofileQeQbaR\\search.json.mozlz4", (void 0)))
DevTools listening on ws://localhost:52305/devtools/browser/6ef11b38-410e-4980-a9ba-b3e93d25ae63
1651598986543	Marionette	INFO	Listening on port 52327
Read port: 52327
1651598986659	RemoteAgent	WARN	TLS certificate errors will be ignored for this session
1651599025458	Marionette	INFO	Stopped listening on port 52327
console.warn: TopSitesFeed: Failed to fetch data from Contile server: NetworkError when attempting to fetch resource.

###!!! [Parent][PGPUParent] Error: RunMessage(msgname=PGPU::Msg_ShutdownVR) Channel closing: too late to send/recv, messages will be lost

1651599027287	geckodriver	INFO	Listening on 127.0.0.1:52371
1651599030346	mozrunner::runner	INFO	Running command: "C:\\Program Files\\Mozilla Firefox\\firefox.exe" "--marionette" "--remote-debugging-port" "52372" "--remote-allow-hosts" "localhost" "-no-remote" "-profile" "C:\\Users\\Arwin\\AppData\\Local\\Temp\\rust_mozprofilenUYjHA"
1651599030624	Marionette	INFO	Marionette enabled
console.warn: SearchSettings: "get: No settings file exists, new profile?" (new NotFoundError("Could not open the file at C:\\Users\\Arwin\\AppData\\Local\\Temp\\rust_mozprofilenUYjHA\\search.json.mozlz4", (void 0)))
DevTools listening on ws://localhost:52372/devtools/browser/7b08c75f-b174-4873-856b-f102123fe3a0
1651599032214	Marionette	INFO	Listening on port 52394
Read port: 52394
1651599032334	RemoteAgent	WARN	TLS certificate errors will be ignored for this session
JavaScript warning: https://www.amazon.com/ap/signin?openid.pape.max_auth_age=3600&openid.return_to=https%3A%2F%2Fwww.amazon.com%2Freview%2Fcreate-review%2F%3Fchannel%3Dglance-detail%26asin%3D1593279922%26ie%3DUTF8&openid.identity=http%3A%2F%2Fspecs.openid.net%2Fauth%2F2.0%2Fidentifier_select&openid.assoc_handle=amzn_scarface_mobile_us&openid.mode=checkid_setup&language=en_US&openid.claimed_id=http%3A%2F%2Fspecs.openid.net%2Fauth%2F2.0%2Fidentifier_select&pageId=login&openid.ns=http%3A%2F%2Fspecs.openid.net%2Fauth%2F2.0 line 767 > injectedScript, line 1: WEBGL_debug_renderer_info is deprecated in Firefox and will be removed. Please use RENDERER.
JavaScript warning: https://ajax.googleapis.com/ajax/libs/jquery/1.10.2/jquery.min.js, line 2: Using //@ to indicate sourceMappingURL pragmas is deprecated. Use //# instead
1651599438964	Marionette	INFO	Stopped listening on port 52394
console.warn: TopSitesFeed: Failed to fetch data from Contile server: NetworkError when attempting to fetch resource.

###!!! [Parent][PGPUParent] Error: RunMessage(msgname=PGPU::Msg_ShutdownVR) Channel closing: too late to send/recv, messages will be lost

